/*
    due to limited physical memory
    changed maxMem to 1024 Mb
    changed stopping block size of "B" in run.cpp to 256 Mb
*/


proj1-vm1: 253.0 134.2578125
proj1-vm2: 253.0 134.578125
proj1-vm3: 512.0 152.15625
proj1-vm4: 245.0 136.609375
--------------------------------------------------------------------------------
total  :              5561104 KiB
free   :               227476 KiB
buffers:                26032 KiB
cached :               619344 KiB


--------------------------------------------------------------------------------
proj1-vm1: 253.0 134.2578125
proj1-vm2: 253.0 134.578125
proj1-vm3: 512.0 152.15625
proj1-vm4: 245.0 136.609375
--------------------------------------------------------------------------------
total  :              5561104 KiB
free   :               227772 KiB
buffers:                26032 KiB
cached :               619344 KiB


--------------------------------------------------------------------------------
proj1-vm1: 253.0 134.2578125
proj1-vm2: 253.0 134.578125
proj1-vm3: 512.0 152.15625
proj1-vm4: 245.0 136.609375
--------------------------------------------------------------------------------
total  :              5561104 KiB
free   :               225296 KiB
buffers:                26032 KiB
cached :               619344 KiB


--------------------------------------------------------------------------------
proj1-vm1: 253.0 134.2578125
proj1-vm2: 253.0 134.578125
proj1-vm3: 512.0 152.15625
proj1-vm4: 245.0 136.609375
--------------------------------------------------------------------------------
total  :              5561104 KiB
free   :               225448 KiB
buffers:                26032 KiB
cached :               619364 KiB


--------------------------------------------------------------------------------
proj1-vm1: 253.0 134.2578125
proj1-vm2: 253.0 134.578125
proj1-vm3: 512.0 152.15625
proj1-vm4: 245.0 136.609375
--------------------------------------------------------------------------------
total  :              5561104 KiB
free   :               224944 KiB
buffers:                26032 KiB
cached :               619588 KiB


--------------------------------------------------------------------------------
proj1-vm1: 253.0 134.2578125
proj1-vm2: 253.0 134.578125
proj1-vm3: 512.0 152.15625
proj1-vm4: 245.0 136.640625
--------------------------------------------------------------------------------
total  :              5561104 KiB
free   :               224164 KiB
buffers:                26032 KiB
cached :               619724 KiB


--------------------------------------------------------------------------------
proj1-vm1: 253.0 134.2578125
proj1-vm2: 253.0 134.578125
proj1-vm3: 512.0 152.15625
proj1-vm4: 245.0 136.640625
--------------------------------------------------------------------------------
total  :              5561104 KiB
free   :               223944 KiB
buffers:                26040 KiB
cached :               619876 KiB


--------------------------------------------------------------------------------
proj1-vm1: 253.0 134.2578125
proj1-vm2: 253.0 134.578125
proj1-vm3: 512.0 152.15625
proj1-vm4: 245.0 136.640625
--------------------------------------------------------------------------------
total  :              5561104 KiB
free   :               223920 KiB
buffers:                26040 KiB
cached :               619876 KiB


--------------------------------------------------------------------------------
proj1-vm1: 253.0 134.2578125
proj1-vm2: 253.0 134.578125
proj1-vm3: 512.0 152.15625
proj1-vm4: 245.0 136.640625
--------------------------------------------------------------------------------
total  :              5561104 KiB
free   :               224424 KiB
buffers:                26048 KiB
cached :               619868 KiB


--------------------------------------------------------------------------------
proj1-vm1: 253.0 134.2890625
proj1-vm2: 253.0 134.578125
proj1-vm3: 512.0 152.1875
proj1-vm4: 245.0 136.640625
--------------------------------------------------------------------------------
total  :              5561104 KiB
free   :               224712 KiB
buffers:                26048 KiB
cached :               619888 KiB


--------------------------------------------------------------------------------
proj1-vm1: 253.0 134.3046875
proj1-vm2: 253.0 134.578125
proj1-vm3: 512.0 152.1875
proj1-vm4: 245.0 136.640625
--------------------------------------------------------------------------------
total  :              5561104 KiB
free   :               218404 KiB
buffers:                26048 KiB
cached :               619896 KiB


--------------------------------------------------------------------------------
proj1-vm1: 512.0 387.6484375
proj1-vm2: 430.0 306.390625
proj1-vm3: 512.0 151.80078125
proj1-vm4: 259.0 150.9296875
--------------------------------------------------------------------------------
total  :              5561104 KiB
free   :               206916 KiB
buffers:                26188 KiB
cached :               619904 KiB


--------------------------------------------------------------------------------
proj1-vm1: 321.0 383.80859375
proj1-vm2: 211.3671875 108.37109375
proj1-vm3: 512.0 144.15234375
proj1-vm4: 259.0 143.09375
--------------------------------------------------------------------------------
total  :              5561104 KiB
free   :               313964 KiB
buffers:                26188 KiB
cached :               605480 KiB


--------------------------------------------------------------------------------
proj1-vm1: 321.0 185.44921875
proj1-vm2: 248.0 150.96484375
proj1-vm3: 512.0 136.5859375
proj1-vm4: 259.0 135.828125
--------------------------------------------------------------------------------
total  :              5561104 KiB
free   :               294968 KiB
buffers:                26188 KiB
cached :               606044 KiB


--------------------------------------------------------------------------------
proj1-vm1: 321.0 178.0625
proj1-vm2: 248.0 150.96484375
proj1-vm3: 512.0 128.8359375
proj1-vm4: 259.0 128.5625
--------------------------------------------------------------------------------
total  :              5561104 KiB
free   :               285460 KiB
buffers:                26196 KiB
cached :               606084 KiB


--------------------------------------------------------------------------------
proj1-vm1: 321.0 170.5546875
proj1-vm2: 248.0 150.96484375
proj1-vm3: 512.0 120.90625
proj1-vm4: 259.0 121.0546875
--------------------------------------------------------------------------------
total  :              5561104 KiB
free   :               278984 KiB
buffers:                26204 KiB
cached :               606240 KiB


--------------------------------------------------------------------------------
proj1-vm1: 321.0 163.2890625
proj1-vm2: 248.0 150.96484375
proj1-vm3: 512.0 113.26171875
proj1-vm4: 259.0 113.7890625
--------------------------------------------------------------------------------
total  :              5561104 KiB
free   :               270644 KiB
buffers:                26204 KiB
cached :               606240 KiB


--------------------------------------------------------------------------------
proj1-vm1: 321.0 156.0234375
proj1-vm2: 248.0 150.96484375
proj1-vm3: 512.0 105.6328125
proj1-vm4: 259.0 106.64453125
--------------------------------------------------------------------------------
total  :              5561104 KiB
free   :               263384 KiB
buffers:                26216 KiB
cached :               606260 KiB


--------------------------------------------------------------------------------
proj1-vm1: 321.0 148.63671875
proj1-vm2: 248.0 150.96484375
proj1-vm3: 512.0 97.8828125
proj1-vm4: 310.0 99.2578125
--------------------------------------------------------------------------------
total  :              5561104 KiB
free   :               254580 KiB
buffers:                26216 KiB
cached :               606260 KiB


--------------------------------------------------------------------------------
proj1-vm1: 321.0 141.37109375
proj1-vm2: 248.0 150.96484375
proj1-vm3: 568.0 146.47265625
proj1-vm4: 310.0 142.97265625
--------------------------------------------------------------------------------
total  :              5561104 KiB
free   :               245728 KiB
buffers:                26216 KiB
cached :               594992 KiB


--------------------------------------------------------------------------------
proj1-vm1: 321.0 134.10546875
proj1-vm2: 248.0 150.96484375
proj1-vm3: 568.0 139.23828125
proj1-vm4: 310.0 132.1953125
--------------------------------------------------------------------------------
total  :              5561104 KiB
free   :               224192 KiB
buffers:                26224 KiB
cached :               594992 KiB


--------------------------------------------------------------------------------
proj1-vm1: 321.0 126.71875
proj1-vm2: 248.0 150.96484375
proj1-vm3: 568.0 131.671875
proj1-vm4: 310.0 124.9296875
--------------------------------------------------------------------------------
total  :              5561104 KiB
free   :               201732 KiB
buffers:                26224 KiB
cached :               594988 KiB


--------------------------------------------------------------------------------
proj1-vm1: 321.0 119.57421875
proj1-vm2: 248.0 150.96484375
proj1-vm3: 568.0 124.2265625
proj1-vm4: 310.0 117.6640625
--------------------------------------------------------------------------------
total  :              5561104 KiB
free   :               185380 KiB
buffers:                26224 KiB
cached :               594992 KiB


--------------------------------------------------------------------------------
proj1-vm1: 321.0 112.06640625
proj1-vm2: 248.0 150.96484375
proj1-vm3: 568.0 116.5390625
proj1-vm4: 310.0 110.3984375
--------------------------------------------------------------------------------
total  :              5561104 KiB
free   :               171776 KiB
buffers:                26224 KiB
cached :               594996 KiB


--------------------------------------------------------------------------------
proj1-vm1: 321.0 106.01171875
proj1-vm2: 248.0 150.96484375
proj1-vm3: 568.0 104.4921875
proj1-vm4: 310.0 102.76953125
--------------------------------------------------------------------------------
total  :              5561104 KiB
free   :               151676 KiB
buffers:                26224 KiB
cached :               594996 KiB


--------------------------------------------------------------------------------
proj1-vm1: 321.0 100.5625
proj1-vm2: 248.0 150.84375
proj1-vm3: 568.0 96.86328125
proj1-vm4: 362.0 147.33203125
--------------------------------------------------------------------------------
total  :              5561104 KiB
free   :               134448 KiB
buffers:                26224 KiB
cached :               594992 KiB


--------------------------------------------------------------------------------
proj1-vm1: 378.0 93.296875
proj1-vm2: 248.0 150.84375
proj1-vm3: 622.0 143.59765625
proj1-vm4: 362.0 139.82421875
--------------------------------------------------------------------------------
total  :              5561104 KiB
free   :               112628 KiB
buffers:                26224 KiB
cached :               580792 KiB


--------------------------------------------------------------------------------
proj1-vm1: 378.0 143.06640625
proj1-vm2: 248.0 150.84375
proj1-vm3: 622.0 136.15234375
proj1-vm4: 362.0 132.6796875
--------------------------------------------------------------------------------
total  :              5561104 KiB
free   :               114644 KiB
buffers:                26224 KiB
cached :               563808 KiB


--------------------------------------------------------------------------------
proj1-vm1: 378.0 135.80078125
proj1-vm2: 248.0 150.84375
proj1-vm3: 622.0 128.28125
proj1-vm4: 362.0 125.4140625
--------------------------------------------------------------------------------
total  :              5561104 KiB
free   :               113644 KiB
buffers:                26232 KiB
cached :               550032 KiB


--------------------------------------------------------------------------------
proj1-vm1: 378.0 127.9296875
proj1-vm2: 248.0 150.84375
proj1-vm3: 622.0 120.47265625
proj1-vm4: 362.0 117.54296875
--------------------------------------------------------------------------------
total  :              5561104 KiB
free   :               113364 KiB
buffers:                26232 KiB
cached :               533872 KiB


--------------------------------------------------------------------------------
proj1-vm1: 378.0 116.546875
proj1-vm2: 248.0 150.84375
proj1-vm3: 622.0 112.90625
proj1-vm4: 362.0 110.06640625
--------------------------------------------------------------------------------
total  :              5561104 KiB
free   :               114032 KiB
buffers:                26232 KiB
cached :               513784 KiB


--------------------------------------------------------------------------------
proj1-vm1: 378.0 109.28125
proj1-vm2: 248.0 150.875
proj1-vm3: 622.0 105.51953125
proj1-vm4: 362.0 102.55859375
--------------------------------------------------------------------------------
total  :              5561104 KiB
free   :               116288 KiB
buffers:                26232 KiB
cached :               487660 KiB


--------------------------------------------------------------------------------
proj1-vm1: 378.0 102.13671875
proj1-vm2: 248.0 150.875
proj1-vm3: 622.0 98.1953125
proj1-vm4: 413.0 129.07421875
--------------------------------------------------------------------------------
total  :              5561104 KiB
free   :               118124 KiB
buffers:                26232 KiB
cached :               464356 KiB


--------------------------------------------------------------------------------
proj1-vm1: 430.0 147.234375
proj1-vm2: 248.0 150.875
proj1-vm3: 674.0 143.578125
proj1-vm4: 413.0 139.484375
--------------------------------------------------------------------------------
total  :              5561104 KiB
free   :               115716 KiB
buffers:                26232 KiB
cached :               450748 KiB


--------------------------------------------------------------------------------
proj1-vm1: 430.0 140.15234375
proj1-vm2: 248.0 150.51171875
proj1-vm3: 674.0 136.5546875
proj1-vm4: 413.0 132.40234375
--------------------------------------------------------------------------------
total  :              5561104 KiB
free   :               125756 KiB
buffers:                22444 KiB
cached :               421808 KiB


--------------------------------------------------------------------------------
proj1-vm1: 430.0 133.19140625
proj1-vm2: 248.0 150.51171875
proj1-vm3: 674.0 129.8671875
proj1-vm4: 413.0 125.5625
--------------------------------------------------------------------------------
total  :              5561104 KiB
free   :               122596 KiB
buffers:                19484 KiB
cached :               411756 KiB


--------------------------------------------------------------------------------
proj1-vm1: 430.0 125.92578125
proj1-vm2: 248.0 150.51171875
proj1-vm3: 674.0 122.6640625
proj1-vm4: 413.0 118.41796875
--------------------------------------------------------------------------------
total  :              5561104 KiB
free   :               114004 KiB
buffers:                18732 KiB
cached :               402828 KiB


--------------------------------------------------------------------------------
proj1-vm1: 430.0 118.72265625
proj1-vm2: 248.0 150.51171875
proj1-vm3: 674.0 115.640625
proj1-vm4: 413.0 111.3359375
--------------------------------------------------------------------------------
total  :              5561104 KiB
free   :               109812 KiB
buffers:                18500 KiB
cached :               385556 KiB


--------------------------------------------------------------------------------
proj1-vm1: 430.0 111.640625
proj1-vm2: 248.0 150.51171875
proj1-vm3: 674.0 108.4375
proj1-vm4: 413.0 104.2578125
--------------------------------------------------------------------------------
total  :              5561104 KiB
free   :               109496 KiB
buffers:                18504 KiB
cached :               361632 KiB


--------------------------------------------------------------------------------
proj1-vm1: 430.0 104.1328125
proj1-vm2: 248.0 150.51171875
proj1-vm3: 674.0 100.87109375
proj1-vm4: 467.0 96.87109375
--------------------------------------------------------------------------------
total  :              5561104 KiB
free   :               111536 KiB
buffers:                18504 KiB
cached :               340840 KiB


--------------------------------------------------------------------------------
proj1-vm1: 430.0 96.9609375
proj1-vm2: 248.0 150.51171875
proj1-vm3: 727.0 146.67578125
proj1-vm4: 467.0 143.46484375
--------------------------------------------------------------------------------
total  :              5561104 KiB
free   :               114676 KiB
buffers:                16432 KiB
cached :               318520 KiB


--------------------------------------------------------------------------------
proj1-vm1: 484.0 143.6640625
proj1-vm2: 248.0 150.51171875
proj1-vm3: 727.0 139.95703125
proj1-vm4: 467.0 136.50390625
--------------------------------------------------------------------------------
total  :              5561104 KiB
free   :               109432 KiB
buffers:                15832 KiB
cached :               304048 KiB


--------------------------------------------------------------------------------
proj1-vm1: 484.0 136.3984375
proj1-vm2: 248.0 150.51171875
proj1-vm3: 727.0 132.875
proj1-vm4: 467.0 129.359375
--------------------------------------------------------------------------------
total  :              5561104 KiB
free   :               119256 KiB
buffers:                13208 KiB
cached :               275672 KiB


--------------------------------------------------------------------------------
proj1-vm1: 484.0 129.07421875
proj1-vm2: 248.0 150.51171875
proj1-vm3: 727.0 125.3671875
proj1-vm4: 467.0 118.40234375
--------------------------------------------------------------------------------
total  :              5561104 KiB
free   :               112812 KiB
buffers:                12024 KiB
cached :               263072 KiB


--------------------------------------------------------------------------------
proj1-vm1: 484.0 121.75
proj1-vm2: 248.0 150.51171875
proj1-vm3: 727.0 118.1640625
proj1-vm4: 467.0 110.95703125
--------------------------------------------------------------------------------
total  :              5561104 KiB
free   :               112796 KiB
buffers:                10424 KiB
cached :               242928 KiB


--------------------------------------------------------------------------------
proj1-vm1: 484.0 114.36328125
proj1-vm2: 248.0 150.51171875
proj1-vm3: 727.0 110.23828125
proj1-vm4: 467.0 103.8125
--------------------------------------------------------------------------------
total  :              5561104 KiB
free   :               112408 KiB
buffers:                 8536 KiB
cached :               225880 KiB


--------------------------------------------------------------------------------
proj1-vm1: 484.0 106.5546875
proj1-vm2: 248.0 150.51171875
proj1-vm3: 727.0 99.40234375
proj1-vm4: 518.0 147.3984375
--------------------------------------------------------------------------------
total  :              5561104 KiB
free   :               154836 KiB
buffers:                 5708 KiB
cached :               189744 KiB


--------------------------------------------------------------------------------
proj1-vm1: 270.0 358.515625
proj1-vm2: 248.0 150.51171875
proj1-vm3: 778.0 144.42578125
proj1-vm4: 518.0 141.04296875
--------------------------------------------------------------------------------
total  :              5561104 KiB
free   :               331324 KiB
buffers:                 5708 KiB
cached :               189760 KiB


--------------------------------------------------------------------------------
proj1-vm1: 121.3515625 50.7890625
proj1-vm2: 248.0 150.51171875
proj1-vm3: 778.0 136.859375
proj1-vm4: 518.0 133.8984375
--------------------------------------------------------------------------------
total  :              5561104 KiB
free   :               431032 KiB
buffers:                 5708 KiB
cached :               190160 KiB


--------------------------------------------------------------------------------
proj1-vm1: 275.0 185.32421875
proj1-vm2: 248.0 150.51171875
proj1-vm3: 778.0 129.53515625
proj1-vm4: 518.0 126.81640625
--------------------------------------------------------------------------------
total  :              5561104 KiB
free   :               389456 KiB
buffers:                 5708 KiB
cached :               193432 KiB


--------------------------------------------------------------------------------
proj1-vm1: 275.0 185.32421875
proj1-vm2: 248.0 150.51171875
proj1-vm3: 778.0 122.6640625
proj1-vm4: 518.0 119.9765625
--------------------------------------------------------------------------------
total  :              5561104 KiB
free   :               387188 KiB
buffers:                 5716 KiB
cached :               190124 KiB


--------------------------------------------------------------------------------
proj1-vm1: 275.0 185.32421875
proj1-vm2: 248.0 150.54296875
proj1-vm3: 778.0 115.703125
proj1-vm4: 518.0 113.10546875
--------------------------------------------------------------------------------
total  :              5561104 KiB
free   :               373136 KiB
buffers:                 5720 KiB
cached :               190128 KiB


--------------------------------------------------------------------------------
proj1-vm1: 275.0 185.32421875
proj1-vm2: 248.0 150.54296875
proj1-vm3: 778.0 108.921875
proj1-vm4: 518.0 106.38671875
--------------------------------------------------------------------------------
total  :              5561104 KiB
free   :               356900 KiB
buffers:                 5720 KiB
cached :               190128 KiB


--------------------------------------------------------------------------------
proj1-vm1: 275.0 185.32421875
proj1-vm2: 248.0 150.54296875
proj1-vm3: 778.0 101.9609375
proj1-vm4: 518.0 99.56640625
--------------------------------------------------------------------------------
total  :              5561104 KiB
free   :               344668 KiB
buffers:                 5720 KiB
cached :               190128 KiB


--------------------------------------------------------------------------------
proj1-vm1: 275.0 185.32421875
proj1-vm2: 248.0 150.54296875
proj1-vm3: 830.0 147.1015625
proj1-vm4: 569.0 143.62109375
--------------------------------------------------------------------------------
total  :              5561104 KiB
free   :               317520 KiB
buffers:                 5728 KiB
cached :               190592 KiB


--------------------------------------------------------------------------------
proj1-vm1: 275.0 185.32421875
proj1-vm2: 248.0 150.54296875
proj1-vm3: 830.0 139.23046875
proj1-vm4: 569.0 136.0546875
--------------------------------------------------------------------------------
total  :              5561104 KiB
free   :               308716 KiB
buffers:                 6016 KiB
cached :               191324 KiB


--------------------------------------------------------------------------------
