proj1-vm1: 254.0 150.5546875
proj1-vm2: 356.0 150.84375
proj1-vm3: 360.0 154.2265625
proj1-vm4: 357.0 151.375
--------------------------------------------------------------------------------
total  :              5561104 KiB
free   :               800108 KiB
buffers:                14304 KiB
cached :               202664 KiB


--------------------------------------------------------------------------------
proj1-vm1: 254.0 150.5546875
proj1-vm2: 356.0 150.84375
proj1-vm3: 360.0 154.2265625
proj1-vm4: 357.0 151.375
--------------------------------------------------------------------------------
total  :              5561104 KiB
free   :               801196 KiB
buffers:                14304 KiB
cached :               202660 KiB


--------------------------------------------------------------------------------
proj1-vm1: 254.0 150.5546875
proj1-vm2: 356.0 150.84375
proj1-vm3: 360.0 154.2265625
proj1-vm4: 357.0 151.375
--------------------------------------------------------------------------------
total  :              5561104 KiB
free   :               799632 KiB
buffers:                14316 KiB
cached :               202696 KiB


--------------------------------------------------------------------------------
proj1-vm1: 254.0 150.5859375
proj1-vm2: 356.0 150.84375
proj1-vm3: 360.0 154.2265625
proj1-vm4: 357.0 151.375
--------------------------------------------------------------------------------
total  :              5561104 KiB
free   :               799224 KiB
buffers:                14316 KiB
cached :               202696 KiB


--------------------------------------------------------------------------------
proj1-vm1: 254.0 150.5859375
proj1-vm2: 356.0 150.84375
proj1-vm3: 360.0 154.2265625
proj1-vm4: 357.0 151.375
--------------------------------------------------------------------------------
total  :              5561104 KiB
free   :               796140 KiB
buffers:                14316 KiB
cached :               202696 KiB


--------------------------------------------------------------------------------
proj1-vm1: 512.0 408.15625
proj1-vm2: 356.0 237.42578125
proj1-vm3: 512.0 306.2109375
proj1-vm4: 512.0 306.39453125
--------------------------------------------------------------------------------
total  :              5561104 KiB
free   :               720204 KiB
buffers:                14660 KiB
cached :               221096 KiB


--------------------------------------------------------------------------------
proj1-vm1: 512.0 390.6484375
proj1-vm2: 269.0 71.9921875
proj1-vm3: 512.0 301.1953125
proj1-vm4: 366.0 153.45703125
--------------------------------------------------------------------------------
total  :              5561104 KiB
free   :               547832 KiB
buffers:                14660 KiB
cached :               239048 KiB


--------------------------------------------------------------------------------
proj1-vm1: 317.0 187.6484375
proj1-vm2: 355.0 259.74609375
proj1-vm3: 512.0 293.9296875
proj1-vm4: 366.0 146.0703125
--------------------------------------------------------------------------------
total  :              5561104 KiB
free   :               462536 KiB
buffers:                14672 KiB
cached :               238112 KiB


--------------------------------------------------------------------------------
proj1-vm1: 317.0 179.80859375
proj1-vm2: 355.0 142.99609375
proj1-vm3: 372.0 146.8671875
proj1-vm4: 366.0 137.95703125
--------------------------------------------------------------------------------
total  :              5561104 KiB
free   :               398844 KiB
buffers:                14680 KiB
cached :               238168 KiB


--------------------------------------------------------------------------------
proj1-vm1: 317.0 171.6953125
proj1-vm2: 355.0 134.8828125
proj1-vm3: 372.0 138.75390625
proj1-vm4: 366.0 129.48046875
--------------------------------------------------------------------------------
total  :              5561104 KiB
free   :               368688 KiB
buffers:                14692 KiB
cached :               238184 KiB


--------------------------------------------------------------------------------
proj1-vm1: 317.0 163.58203125
proj1-vm2: 355.0 126.6484375
proj1-vm3: 372.0 130.27734375
proj1-vm4: 366.0 121.125
--------------------------------------------------------------------------------
total  :              5561104 KiB
free   :               333352 KiB
buffers:                14692 KiB
cached :               238044 KiB


--------------------------------------------------------------------------------
proj1-vm1: 317.0 155.46875
proj1-vm2: 355.0 118.6875
proj1-vm3: 372.0 121.921875
proj1-vm4: 366.0 113.01171875
--------------------------------------------------------------------------------
total  :              5561104 KiB
free   :               316776 KiB
buffers:                14520 KiB
cached :               230372 KiB


--------------------------------------------------------------------------------
proj1-vm1: 317.0 147.4765625
proj1-vm2: 355.0 110.9375
proj1-vm3: 372.0 110.0859375
proj1-vm4: 366.0 105.50390625
--------------------------------------------------------------------------------
total  :              5561104 KiB
free   :               323232 KiB
buffers:                14544 KiB
cached :               196316 KiB


--------------------------------------------------------------------------------
proj1-vm1: 317.0 139.484375
proj1-vm2: 355.0 103.30859375
proj1-vm3: 372.0 102.3359375
proj1-vm4: 366.0 97.54296875
--------------------------------------------------------------------------------
total  :              5561104 KiB
free   :               319648 KiB
buffers:                14512 KiB
cached :               183028 KiB


--------------------------------------------------------------------------------
proj1-vm1: 317.0 131.37109375
proj1-vm2: 406.0 146.296875
proj1-vm3: 372.0 94.46484375
proj1-vm4: 423.0 146.94921875
--------------------------------------------------------------------------------
total  :              5561104 KiB
free   :               318024 KiB
buffers:                 5472 KiB
cached :               173572 KiB


--------------------------------------------------------------------------------
proj1-vm1: 317.0 123.7421875
proj1-vm2: 406.0 134.4296875
proj1-vm3: 428.0 142.90234375
proj1-vm4: 423.0 138.8359375
--------------------------------------------------------------------------------
total  :              5561104 KiB
free   :               309692 KiB
buffers:                 2880 KiB
cached :               164100 KiB


--------------------------------------------------------------------------------
proj1-vm1: 317.0 111.99609375
proj1-vm2: 406.0 126.31640625
proj1-vm3: 428.0 134.66796875
proj1-vm4: 423.0 130.72265625
--------------------------------------------------------------------------------
total  :              5561104 KiB
free   :               288264 KiB
buffers:                 2888 KiB
cached :               164100 KiB


--------------------------------------------------------------------------------
proj1-vm1: 317.0 104.24609375
proj1-vm2: 406.0 117.9609375
proj1-vm3: 428.0 127.28125
proj1-vm4: 423.0 122.48828125
--------------------------------------------------------------------------------
total  :              5561104 KiB
free   :               281128 KiB
buffers:                 2600 KiB
cached :               155324 KiB


--------------------------------------------------------------------------------
proj1-vm1: 317.0 96.1328125
proj1-vm2: 406.0 109.96875
proj1-vm3: 428.0 120.015625
proj1-vm4: 423.0 114.375
--------------------------------------------------------------------------------
total  :              5561104 KiB
free   :               272716 KiB
buffers:                 2600 KiB
cached :               149908 KiB


--------------------------------------------------------------------------------
proj1-vm1: 371.0 142.1484375
proj1-vm2: 406.0 101.85546875
proj1-vm3: 428.0 112.265625
proj1-vm4: 423.0 106.26171875
--------------------------------------------------------------------------------
total  :              5561104 KiB
free   :               249368 KiB
buffers:                 1856 KiB
cached :               146408 KiB


--------------------------------------------------------------------------------
proj1-vm1: 371.0 134.27734375
proj1-vm2: 458.0 146.0703125
proj1-vm3: 428.0 104.515625
proj1-vm4: 423.0 98.390625
--------------------------------------------------------------------------------
total  :              5561104 KiB
free   :               217384 KiB
buffers:                 2356 KiB
cached :               148300 KiB


--------------------------------------------------------------------------------
proj1-vm1: 371.0 126.6484375
proj1-vm2: 458.0 138.26171875
proj1-vm3: 428.0 96.765625
proj1-vm4: 475.0 142.34765625
--------------------------------------------------------------------------------
total  :              5561104 KiB
free   :               185592 KiB
buffers:                 2356 KiB
cached :               148296 KiB


--------------------------------------------------------------------------------
proj1-vm1: 371.0 118.4140625
proj1-vm2: 458.0 130.02734375
proj1-vm3: 482.0 142.5390625
proj1-vm4: 475.0 130.1171875
--------------------------------------------------------------------------------
total  :              5561104 KiB
free   :               155140 KiB
buffers:                 2356 KiB
cached :               148232 KiB


--------------------------------------------------------------------------------
proj1-vm1: 371.0 110.30078125
proj1-vm2: 458.0 121.95703125
proj1-vm3: 482.0 134.42578125
proj1-vm4: 475.0 122.00390625
--------------------------------------------------------------------------------
total  :              5561104 KiB
free   :               126664 KiB
buffers:                 2608 KiB
cached :               148308 KiB


--------------------------------------------------------------------------------
proj1-vm1: 371.0 102.1875
proj1-vm2: 458.0 114.0859375
proj1-vm3: 482.0 126.19140625
proj1-vm4: 475.0 114.01171875
--------------------------------------------------------------------------------
total  :              5561104 KiB
free   :               309104 KiB
buffers:                 1208 KiB
cached :               132168 KiB


--------------------------------------------------------------------------------
proj1-vm1: 423.0 146.23828125
proj1-vm2: 458.0 106.09375
proj1-vm3: 482.0 118.078125
proj1-vm4: 475.0 106.01953125
--------------------------------------------------------------------------------
total  :              5561104 KiB
free   :               280544 KiB
buffers:                 1216 KiB
cached :               132128 KiB


--------------------------------------------------------------------------------
proj1-vm1: 423.0 138.1875
proj1-vm2: 507.0 97.98046875
proj1-vm3: 482.0 109.6015625
proj1-vm4: 475.0 97.90625
--------------------------------------------------------------------------------
total  :              5561104 KiB
free   :               240896 KiB
buffers:                 1216 KiB
cached :               133236 KiB


--------------------------------------------------------------------------------
proj1-vm1: 423.0 130.31640625
proj1-vm2: 511.0 143.34765625
proj1-vm3: 482.0 101.3671875
proj1-vm4: 532.0 147.06640625
--------------------------------------------------------------------------------
total  :              5561104 KiB
free   :               196640 KiB
buffers:                 1216 KiB
cached :               133268 KiB


--------------------------------------------------------------------------------
proj1-vm1: 423.0 122.17578125
proj1-vm2: 511.0 135.27734375
proj1-vm3: 535.0 146.39453125
proj1-vm4: 532.0 138.89453125
--------------------------------------------------------------------------------
total  :              5561104 KiB
free   :               153636 KiB
buffers:                 1224 KiB
cached :               133272 KiB


--------------------------------------------------------------------------------
proj1-vm1: 423.0 114.08984375
proj1-vm2: 511.0 127.1640625
proj1-vm3: 535.0 138.1015625
proj1-vm4: 532.0 130.78125
--------------------------------------------------------------------------------
total  :              5561104 KiB
free   :               123396 KiB
buffers:                 1224 KiB
cached :               133272 KiB


--------------------------------------------------------------------------------
proj1-vm1: 423.0 106.21875
proj1-vm2: 511.0 119.171875
proj1-vm3: 535.0 129.9296875
proj1-vm4: 532.0 122.8515625
--------------------------------------------------------------------------------
total  :              5561104 KiB
free   :               134924 KiB
buffers:                 1252 KiB
cached :               117924 KiB


--------------------------------------------------------------------------------
proj1-vm1: 475.0 98.34765625
proj1-vm2: 511.0 111.33203125
proj1-vm3: 535.0 122.05859375
proj1-vm4: 532.0 114.73828125
--------------------------------------------------------------------------------
total  :              5561104 KiB
free   :               109992 KiB
buffers:                 1388 KiB
cached :               117188 KiB


--------------------------------------------------------------------------------
proj1-vm1: 475.0 142.8203125
proj1-vm2: 511.0 103.82421875
proj1-vm3: 535.0 110.48046875
proj1-vm4: 532.0 107.3828125
--------------------------------------------------------------------------------
total  :              5561104 KiB
free   :               115496 KiB
buffers:                 3236 KiB
cached :                89004 KiB


--------------------------------------------------------------------------------
proj1-vm1: 475.0 135.25390625
proj1-vm2: 565.0 96.55859375
proj1-vm3: 535.0 102.73046875
proj1-vm4: 532.0 99.6328125
--------------------------------------------------------------------------------
total  :              5561104 KiB
free   :               114156 KiB
buffers:                 2392 KiB
cached :                71140 KiB


--------------------------------------------------------------------------------
proj1-vm1: 475.0 127.26171875
proj1-vm2: 565.0 142.96875
proj1-vm3: 587.0 104.57421875
proj1-vm4: 587.0 147.1328125
--------------------------------------------------------------------------------
total  :              5561104 KiB
free   :               113328 KiB
buffers:                  908 KiB
cached :                38992 KiB


--------------------------------------------------------------------------------
proj1-vm1: 475.0 115.8828125
proj1-vm2: 565.0 131.40625
proj1-vm3: 587.0 139.81640625
proj1-vm4: 587.0 135.93359375
--------------------------------------------------------------------------------
total  :              5561104 KiB
free   :                98368 KiB
buffers:                  608 KiB
cached :                15548 KiB


--------------------------------------------------------------------------------
proj1-vm1: 475.0 107.40625
proj1-vm2: 565.0 121.41796875
libvirt: QEMU Driver error : Requested operation is not valid: domain is not running
Traceback (most recent call last):
  File "monitor.py", line 54, in <module>
    s.run()
  File "/usr/lib/python3.6/sched.py", line 154, in run
    action(*argument, **kwargs)
  File "monitor.py", line 21, in run
    memoryinfolist[i] = vmobjlist[i].memoryStats()
  File "/home/vincentbao/.local/lib/python3.6/site-packages/libvirt.py", line 1510, in memoryStats
    if ret is None: raise libvirtError ('virDomainMemoryStats() failed', dom=self)
libvirt.libvirtError: Requested operation is not valid: domain is not running
