/*
    due to limited physical memory
    changed maxMem to 1024 Mb
*/

proj1-vm1: 512.0 293.95703125
proj1-vm2: 512.0 297.59375
proj1-vm3: 512.0 275.7109375
proj1-vm4: 512.0 289.04296875
--------------------------------------------------------------------------------
total  :              5561104 KiB
free   :               159740 KiB
buffers:                48040 KiB
cached :               541408 KiB


--------------------------------------------------------------------------------
proj1-vm1: 512.0 297.921875
proj1-vm2: 512.0 306.36328125
proj1-vm3: 512.0 297.83203125
proj1-vm4: 512.0 298.05078125
--------------------------------------------------------------------------------
total  :              5561104 KiB
free   :               159976 KiB
buffers:                48172 KiB
cached :               537636 KiB


--------------------------------------------------------------------------------
proj1-vm1: 512.0 305.859375
proj1-vm2: 512.0 306.36328125
proj1-vm3: 512.0 305.84765625
proj1-vm4: 512.0 298.05078125
--------------------------------------------------------------------------------
total  :              5561104 KiB
free   :               157172 KiB
buffers:                48180 KiB
cached :               537888 KiB


--------------------------------------------------------------------------------
proj1-vm1: 512.0 305.890625
proj1-vm2: 356.0 150.89453125
proj1-vm3: 512.0 305.84765625
proj1-vm4: 357.0 151.41015625
--------------------------------------------------------------------------------
total  :              5561104 KiB
free   :               177100 KiB
buffers:                48180 KiB
cached :               534580 KiB


--------------------------------------------------------------------------------
proj1-vm1: 357.0 151.3203125
proj1-vm2: 356.0 150.89453125
proj1-vm3: 357.0 151.3515625
proj1-vm4: 357.0 151.41015625
--------------------------------------------------------------------------------
total  :              5561104 KiB
free   :               175564 KiB
buffers:                48188 KiB
cached :               534652 KiB


--------------------------------------------------------------------------------
proj1-vm1: 357.0 151.3203125
proj1-vm2: 356.0 150.89453125
proj1-vm3: 357.0 151.3515625
proj1-vm4: 357.0 151.41015625
--------------------------------------------------------------------------------
total  :              5561104 KiB
free   :               172892 KiB
buffers:                48192 KiB
cached :               537488 KiB


--------------------------------------------------------------------------------
proj1-vm1: 357.0 151.3515625
proj1-vm2: 356.0 150.92578125
proj1-vm3: 357.0 151.3828125
proj1-vm4: 357.0 151.44140625
--------------------------------------------------------------------------------
total  :              5561104 KiB
free   :               172556 KiB
buffers:                48196 KiB
cached :               537716 KiB


--------------------------------------------------------------------------------
proj1-vm1: 357.0 151.3515625
proj1-vm2: 356.0 150.92578125
proj1-vm3: 357.0 151.3828125
proj1-vm4: 357.0 151.47265625
--------------------------------------------------------------------------------
total  :              5561104 KiB
free   :               161276 KiB
buffers:                48480 KiB
cached :               540684 KiB


--------------------------------------------------------------------------------
proj1-vm1: 512.0 305.921875
proj1-vm2: 356.0 150.92578125
proj1-vm3: 512.0 305.7890625
proj1-vm4: 470.0 306.0078125
--------------------------------------------------------------------------------
total  :              5561104 KiB
free   :               221752 KiB
buffers:                49440 KiB
cached :               554036 KiB


--------------------------------------------------------------------------------
proj1-vm1: 512.0 297.6796875
proj1-vm2: 356.0 150.92578125
proj1-vm3: 455.0 305.7890625
proj1-vm4: 369.0 85.59765625
--------------------------------------------------------------------------------
total  :              5561104 KiB
free   :               214840 KiB
buffers:                49568 KiB
cached :               558084 KiB


--------------------------------------------------------------------------------
proj1-vm1: 368.0 147.875
proj1-vm2: 356.0 150.92578125
proj1-vm3: 360.0 154.41015625
proj1-vm4: 379.0 181.625
--------------------------------------------------------------------------------
total  :              5561104 KiB
free   :               221048 KiB
buffers:                49584 KiB
cached :               530508 KiB


--------------------------------------------------------------------------------
proj1-vm1: 368.0 141.45703125
proj1-vm2: 356.0 150.92578125
proj1-vm3: 360.0 154.41015625
proj1-vm4: 357.0 151.59375
--------------------------------------------------------------------------------
total  :              5561104 KiB
free   :               211952 KiB
buffers:                49584 KiB
cached :               530592 KiB


--------------------------------------------------------------------------------
proj1-vm1: 368.0 135.16015625
proj1-vm2: 356.0 150.92578125
proj1-vm3: 360.0 154.41015625
proj1-vm4: 357.0 151.59375
--------------------------------------------------------------------------------
total  :              5561104 KiB
free   :               204680 KiB
buffers:                49584 KiB
cached :               530592 KiB


--------------------------------------------------------------------------------
proj1-vm1: 368.0 128.7421875
proj1-vm2: 356.0 150.92578125
proj1-vm3: 360.0 154.41015625
proj1-vm4: 357.0 151.59375
--------------------------------------------------------------------------------
total  :              5561104 KiB
free   :               200304 KiB
buffers:                49592 KiB
cached :               530800 KiB


--------------------------------------------------------------------------------
proj1-vm1: 368.0 122.32421875
proj1-vm2: 356.0 150.92578125
proj1-vm3: 360.0 154.41015625
proj1-vm4: 357.0 151.59375
--------------------------------------------------------------------------------
total  :              5561104 KiB
free   :               193412 KiB
buffers:                49592 KiB
cached :               530960 KiB


--------------------------------------------------------------------------------
proj1-vm1: 368.0 116.1484375
proj1-vm2: 356.0 150.92578125
proj1-vm3: 360.0 154.41015625
proj1-vm4: 357.0 151.59375
--------------------------------------------------------------------------------
total  :              5561104 KiB
free   :               184188 KiB
buffers:                49592 KiB
cached :               531360 KiB


--------------------------------------------------------------------------------
proj1-vm1: 368.0 109.8515625
proj1-vm2: 356.0 150.92578125
proj1-vm3: 360.0 154.41015625
proj1-vm4: 357.0 151.59375
--------------------------------------------------------------------------------
total  :              5561104 KiB
free   :               178828 KiB
buffers:                49616 KiB
cached :               531360 KiB


--------------------------------------------------------------------------------
proj1-vm1: 368.0 103.67578125
proj1-vm2: 356.0 150.92578125
proj1-vm3: 360.0 154.41015625
proj1-vm4: 357.0 151.59375
--------------------------------------------------------------------------------
total  :              5561104 KiB
free   :               171940 KiB
buffers:                49624 KiB
cached :               531424 KiB


--------------------------------------------------------------------------------
proj1-vm1: 421.0 97.2578125
proj1-vm2: 356.0 150.92578125
proj1-vm3: 360.0 154.41015625
proj1-vm4: 357.0 151.59375
--------------------------------------------------------------------------------
total  :              5561104 KiB
free   :               152984 KiB
buffers:                49632 KiB
cached :               531508 KiB


--------------------------------------------------------------------------------
proj1-vm1: 421.0 144.12109375
proj1-vm2: 356.0 150.92578125
proj1-vm3: 360.0 154.41015625
proj1-vm4: 357.0 151.59375
--------------------------------------------------------------------------------
total  :              5561104 KiB
free   :               149952 KiB
buffers:                49632 KiB
cached :               531508 KiB


--------------------------------------------------------------------------------
proj1-vm1: 421.0 138.1875
proj1-vm2: 356.0 150.95703125
proj1-vm3: 360.0 154.41015625
proj1-vm4: 357.0 151.59375
--------------------------------------------------------------------------------
total  :              5561104 KiB
free   :               147692 KiB
buffers:                49640 KiB
cached :               531508 KiB


--------------------------------------------------------------------------------
proj1-vm1: 421.0 132.1328125
proj1-vm2: 356.0 150.95703125
proj1-vm3: 360.0 154.44140625
proj1-vm4: 357.0 151.59375
--------------------------------------------------------------------------------
total  :              5561104 KiB
free   :               144764 KiB
buffers:                49640 KiB
cached :               531508 KiB


--------------------------------------------------------------------------------
proj1-vm1: 421.0 123.05078125
proj1-vm2: 356.0 150.95703125
proj1-vm3: 360.0 154.44140625
proj1-vm4: 357.0 151.625
--------------------------------------------------------------------------------
total  :              5561104 KiB
free   :               142756 KiB
buffers:                49640 KiB
cached :               531508 KiB


--------------------------------------------------------------------------------
proj1-vm1: 421.0 117.23828125
proj1-vm2: 356.0 150.95703125
proj1-vm3: 360.0 154.44140625
proj1-vm4: 357.0 151.625
--------------------------------------------------------------------------------
total  :              5561104 KiB
free   :               137456 KiB
buffers:                49640 KiB
cached :               531508 KiB


--------------------------------------------------------------------------------
proj1-vm1: 421.0 111.09375
proj1-vm2: 356.0 150.95703125
proj1-vm3: 360.0 154.44140625
proj1-vm4: 357.0 151.625
--------------------------------------------------------------------------------
total  :              5561104 KiB
free   :               135952 KiB
buffers:                49648 KiB
cached :               531508 KiB


--------------------------------------------------------------------------------
proj1-vm1: 421.0 105.0390625
proj1-vm2: 356.0 150.95703125
proj1-vm3: 360.0 154.44140625
proj1-vm4: 357.0 151.625
--------------------------------------------------------------------------------
total  :              5561104 KiB
free   :               130968 KiB
buffers:                49648 KiB
cached :               531508 KiB


--------------------------------------------------------------------------------
proj1-vm1: 421.0 98.984375
proj1-vm2: 356.0 150.95703125
proj1-vm3: 360.0 154.44140625
proj1-vm4: 357.0 151.625
--------------------------------------------------------------------------------
total  :              5561104 KiB
free   :               124756 KiB
buffers:                49648 KiB
cached :               531520 KiB


--------------------------------------------------------------------------------
proj1-vm1: 473.0 144.93359375
proj1-vm2: 356.0 150.95703125
proj1-vm3: 360.0 154.44140625
proj1-vm4: 357.0 151.625
--------------------------------------------------------------------------------
total  :              5561104 KiB
free   :               123456 KiB
buffers:                49648 KiB
cached :               527636 KiB


--------------------------------------------------------------------------------
proj1-vm1: 473.0 138.43359375
proj1-vm2: 356.0 150.8984375
proj1-vm3: 360.0 154.26171875
proj1-vm4: 357.0 151.625
--------------------------------------------------------------------------------
total  :              5561104 KiB
free   :               116680 KiB
buffers:                49656 KiB
cached :               527748 KiB


--------------------------------------------------------------------------------
proj1-vm1: 473.0 132.015625
proj1-vm2: 356.0 150.8984375
proj1-vm3: 360.0 154.26171875
proj1-vm4: 357.0 151.4296875
--------------------------------------------------------------------------------
total  :              5561104 KiB
free   :               116084 KiB
buffers:                49656 KiB
cached :               523812 KiB


--------------------------------------------------------------------------------
proj1-vm1: 473.0 126.08203125
proj1-vm2: 356.0 150.8984375
proj1-vm3: 360.0 154.26171875
proj1-vm4: 357.0 151.4296875
--------------------------------------------------------------------------------
total  :              5561104 KiB
free   :               122248 KiB
buffers:                49656 KiB
cached :               511768 KiB


--------------------------------------------------------------------------------
proj1-vm1: 473.0 120.02734375
proj1-vm2: 356.0 150.8984375
proj1-vm3: 360.0 154.26171875
proj1-vm4: 357.0 151.4296875
--------------------------------------------------------------------------------
total  :              5561104 KiB
free   :               127920 KiB
buffers:                49656 KiB
cached :               499340 KiB


--------------------------------------------------------------------------------
proj1-vm1: 473.0 114.09375
proj1-vm2: 356.0 150.8984375
proj1-vm3: 360.0 154.26171875
proj1-vm4: 357.0 151.4296875
--------------------------------------------------------------------------------
total  :              5561104 KiB
free   :               134564 KiB
buffers:                49656 KiB
cached :               487176 KiB


--------------------------------------------------------------------------------
proj1-vm1: 473.0 108.0390625
proj1-vm2: 356.0 150.8984375
proj1-vm3: 360.0 154.26171875
proj1-vm4: 357.0 151.4296875
--------------------------------------------------------------------------------
total  :              5561104 KiB
free   :               140036 KiB
buffers:                49664 KiB
cached :               475036 KiB


--------------------------------------------------------------------------------
proj1-vm1: 473.0 101.984375
proj1-vm2: 356.0 150.8984375
proj1-vm3: 360.0 154.26171875
proj1-vm4: 357.0 151.4296875
--------------------------------------------------------------------------------
total  :              5561104 KiB
free   :               149960 KiB
buffers:                49676 KiB
cached :               458876 KiB


--------------------------------------------------------------------------------
proj1-vm1: 525.0 148.06640625
proj1-vm2: 356.0 150.8984375
proj1-vm3: 360.0 154.26171875
proj1-vm4: 357.0 151.4296875
--------------------------------------------------------------------------------
total  :              5561104 KiB
free   :               184852 KiB
buffers:                49676 KiB
cached :               417672 KiB


--------------------------------------------------------------------------------
proj1-vm1: 525.0 142.1953125
proj1-vm2: 356.0 150.8984375
proj1-vm3: 360.0 154.26171875
proj1-vm4: 357.0 151.4296875
--------------------------------------------------------------------------------
total  :              5561104 KiB
free   :               177452 KiB
buffers:                49676 KiB
cached :               417672 KiB


--------------------------------------------------------------------------------
proj1-vm1: 525.0 135.8984375
proj1-vm2: 356.0 150.8984375
proj1-vm3: 360.0 154.26171875
proj1-vm4: 357.0 151.4296875
--------------------------------------------------------------------------------
total  :              5561104 KiB
free   :               172464 KiB
buffers:                49688 KiB
cached :               417676 KiB


--------------------------------------------------------------------------------
proj1-vm1: 525.0 129.96484375
proj1-vm2: 356.0 150.8984375
proj1-vm3: 360.0 154.26171875
proj1-vm4: 357.0 151.4296875
--------------------------------------------------------------------------------
total  :              5561104 KiB
free   :               165660 KiB
buffers:                49688 KiB
cached :               417676 KiB


--------------------------------------------------------------------------------
proj1-vm1: 525.0 124.15234375
proj1-vm2: 356.0 150.9296875
proj1-vm3: 360.0 154.29296875
proj1-vm4: 357.0 151.4296875
--------------------------------------------------------------------------------
total  :              5561104 KiB
free   :               159620 KiB
buffers:                49688 KiB
cached :               417676 KiB


--------------------------------------------------------------------------------
proj1-vm1: 525.0 118.21875
proj1-vm2: 356.0 150.9296875
proj1-vm3: 360.0 154.29296875
proj1-vm4: 357.0 151.4609375
--------------------------------------------------------------------------------
total  :              5561104 KiB
free   :               154572 KiB
buffers:                49688 KiB
cached :               417676 KiB


--------------------------------------------------------------------------------
proj1-vm1: 525.0 112.1640625
proj1-vm2: 356.0 150.9296875
proj1-vm3: 360.0 154.29296875
proj1-vm4: 357.0 151.4609375
--------------------------------------------------------------------------------
total  :              5561104 KiB
free   :               154592 KiB
buffers:                49688 KiB
cached :               413644 KiB


--------------------------------------------------------------------------------
proj1-vm1: 525.0 106.3515625
proj1-vm2: 356.0 150.7421875
proj1-vm3: 360.0 154.10546875
proj1-vm4: 357.0 151.4609375
--------------------------------------------------------------------------------
total  :              5561104 KiB
free   :               160524 KiB
buffers:                49688 KiB
cached :               401316 KiB


--------------------------------------------------------------------------------
proj1-vm1: 525.0 100.0546875
proj1-vm2: 356.0 150.7421875
proj1-vm3: 360.0 154.10546875
proj1-vm4: 357.0 151.2734375
--------------------------------------------------------------------------------
total  :              5561104 KiB
free   :               166496 KiB
buffers:                49688 KiB
cached :               388956 KiB


--------------------------------------------------------------------------------
proj1-vm1: 578.0 147.5859375
proj1-vm2: 356.0 150.7421875
proj1-vm3: 360.0 154.10546875
proj1-vm4: 357.0 151.2734375
--------------------------------------------------------------------------------
total  :              5561104 KiB
free   :               197800 KiB
buffers:                49688 KiB
cached :               352128 KiB


--------------------------------------------------------------------------------
proj1-vm1: 578.0 138.6875
proj1-vm2: 356.0 150.7421875
proj1-vm3: 360.0 154.10546875
proj1-vm4: 357.0 151.2734375
--------------------------------------------------------------------------------
total  :              5561104 KiB
free   :               191248 KiB
buffers:                49688 KiB
cached :               352128 KiB


--------------------------------------------------------------------------------
proj1-vm1: 578.0 132.75390625
proj1-vm2: 356.0 150.7421875
proj1-vm3: 360.0 154.10546875
proj1-vm4: 357.0 151.2734375
--------------------------------------------------------------------------------
total  :              5561104 KiB
free   :               184844 KiB
buffers:                49688 KiB
cached :               352128 KiB


--------------------------------------------------------------------------------
proj1-vm1: 578.0 126.76171875
proj1-vm2: 356.0 150.7421875
proj1-vm3: 360.0 154.10546875
proj1-vm4: 357.0 151.2734375
--------------------------------------------------------------------------------
total  :              5561104 KiB
free   :               191336 KiB
buffers:                49688 KiB
cached :               339932 KiB


--------------------------------------------------------------------------------
proj1-vm1: 578.0 120.94921875
proj1-vm2: 356.0 150.7421875
proj1-vm3: 360.0 154.10546875
proj1-vm4: 357.0 151.2734375
--------------------------------------------------------------------------------
total  :              5561104 KiB
free   :               193936 KiB
buffers:                49688 KiB
cached :               331560 KiB


--------------------------------------------------------------------------------
proj1-vm1: 578.0 114.71484375
proj1-vm2: 356.0 150.7421875
proj1-vm3: 360.0 154.10546875
proj1-vm4: 357.0 151.2734375
--------------------------------------------------------------------------------
total  :              5561104 KiB
free   :               200524 KiB
buffers:                49688 KiB
cached :               319356 KiB


--------------------------------------------------------------------------------
proj1-vm1: 578.0 108.84375
proj1-vm2: 356.0 150.7421875
proj1-vm3: 360.0 154.10546875
proj1-vm4: 357.0 151.2734375
--------------------------------------------------------------------------------
total  :              5561104 KiB
free   :               206436 KiB
buffers:                49688 KiB
cached :               308796 KiB


--------------------------------------------------------------------------------
proj1-vm1: 578.0 102.91015625
proj1-vm2: 356.0 150.7421875
proj1-vm3: 360.0 154.10546875
proj1-vm4: 357.0 151.2734375
--------------------------------------------------------------------------------
total  :              5561104 KiB
free   :               212488 KiB
buffers:                49688 KiB
cached :               298180 KiB


--------------------------------------------------------------------------------
proj1-vm1: 629.0 148.3125
proj1-vm2: 356.0 150.7421875
proj1-vm3: 360.0 154.10546875
proj1-vm4: 357.0 151.2734375
--------------------------------------------------------------------------------
total  :              5561104 KiB
free   :               226568 KiB
buffers:                44992 KiB
cached :               285876 KiB


--------------------------------------------------------------------------------
proj1-vm1: 629.0 142.5
proj1-vm2: 356.0 150.7421875
proj1-vm3: 360.0 154.10546875
proj1-vm4: 357.0 151.2734375
--------------------------------------------------------------------------------
total  :              5561104 KiB
free   :               223988 KiB
buffers:                43372 KiB
cached :               284032 KiB


--------------------------------------------------------------------------------
proj1-vm1: 629.0 136.265625
proj1-vm2: 356.0 150.7421875
proj1-vm3: 360.0 154.10546875
proj1-vm4: 357.0 151.2734375
--------------------------------------------------------------------------------
total  :              5561104 KiB
free   :               217064 KiB
buffers:                43380 KiB
cached :               284056 KiB


--------------------------------------------------------------------------------
proj1-vm1: 629.0 130.2109375
proj1-vm2: 356.0 150.7734375
proj1-vm3: 360.0 154.10546875
proj1-vm4: 357.0 151.2734375
--------------------------------------------------------------------------------
total  :              5561104 KiB
free   :               210920 KiB
buffers:                43380 KiB
cached :               284056 KiB


--------------------------------------------------------------------------------
proj1-vm1: 629.0 124.09765625
proj1-vm2: 356.0 150.7734375
proj1-vm3: 360.0 154.13671875
proj1-vm4: 357.0 151.2734375
--------------------------------------------------------------------------------
total  :              5561104 KiB
free   :               203348 KiB
buffers:                43380 KiB
cached :               284056 KiB


--------------------------------------------------------------------------------
proj1-vm1: 629.0 118.04296875
proj1-vm2: 356.0 150.7734375
proj1-vm3: 360.0 154.13671875
proj1-vm4: 357.0 151.3046875
--------------------------------------------------------------------------------
total  :              5561104 KiB
free   :               198100 KiB
buffers:                43388 KiB
cached :               284056 KiB


--------------------------------------------------------------------------------
proj1-vm1: 629.0 111.9296875
proj1-vm2: 356.0 150.7734375
proj1-vm3: 360.0 154.13671875
proj1-vm4: 357.0 151.3046875
--------------------------------------------------------------------------------
total  :              5561104 KiB
free   :               190052 KiB
buffers:                43388 KiB
cached :               284056 KiB


--------------------------------------------------------------------------------
proj1-vm1: 629.0 105.75390625
proj1-vm2: 356.0 150.7734375
proj1-vm3: 360.0 154.13671875
proj1-vm4: 357.0 151.3046875
--------------------------------------------------------------------------------
total  :              5561104 KiB
free   :               183592 KiB
buffers:                43388 KiB
cached :               284056 KiB


--------------------------------------------------------------------------------
proj1-vm1: 680.0 99.1875
proj1-vm2: 356.0 150.7734375
proj1-vm3: 360.0 154.13671875
proj1-vm4: 357.0 151.3046875
--------------------------------------------------------------------------------
total  :              5561104 KiB
free   :               185164 KiB
buffers:                39308 KiB
cached :               280776 KiB


--------------------------------------------------------------------------------
proj1-vm1: 680.0 144.39453125
proj1-vm2: 356.0 150.7734375
proj1-vm3: 360.0 154.13671875
proj1-vm4: 357.0 151.3046875
--------------------------------------------------------------------------------
total  :              5561104 KiB
free   :               188400 KiB
buffers:                35724 KiB
cached :               277152 KiB


--------------------------------------------------------------------------------
proj1-vm1: 680.0 138.21875
proj1-vm2: 356.0 150.7734375
proj1-vm3: 360.0 154.13671875
proj1-vm4: 357.0 151.3046875
--------------------------------------------------------------------------------
total  :              5561104 KiB
free   :               193904 KiB
buffers:                28896 KiB
cached :               273360 KiB


--------------------------------------------------------------------------------
proj1-vm1: 680.0 132.46875
proj1-vm2: 356.0 150.7734375
proj1-vm3: 360.0 154.13671875
proj1-vm4: 357.0 151.3046875
--------------------------------------------------------------------------------
total  :              5561104 KiB
free   :               200772 KiB
buffers:                22224 KiB
cached :               269772 KiB


--------------------------------------------------------------------------------
proj1-vm1: 680.0 126.29296875
proj1-vm2: 356.0 150.7734375
proj1-vm3: 360.0 154.13671875
proj1-vm4: 357.0 151.3046875
--------------------------------------------------------------------------------
total  :              5561104 KiB
free   :               210772 KiB
buffers:                14188 KiB
cached :               264040 KiB


--------------------------------------------------------------------------------
proj1-vm1: 680.0 120.1796875
proj1-vm2: 356.0 150.7734375
proj1-vm3: 360.0 154.13671875
proj1-vm4: 357.0 151.3046875
--------------------------------------------------------------------------------
total  :              5561104 KiB
free   :               217040 KiB
buffers:                10052 KiB
cached :               257664 KiB


--------------------------------------------------------------------------------
proj1-vm1: 680.0 114.3671875
proj1-vm2: 356.0 150.7734375
proj1-vm3: 360.0 154.13671875
proj1-vm4: 357.0 151.3046875
--------------------------------------------------------------------------------
total  :              5561104 KiB
free   :               220968 KiB
buffers:                 8348 KiB
cached :               248736 KiB


--------------------------------------------------------------------------------
proj1-vm1: 680.0 108.25390625
proj1-vm2: 356.0 150.7734375
proj1-vm3: 360.0 154.13671875
proj1-vm4: 357.0 151.3046875
--------------------------------------------------------------------------------
total  :              5561104 KiB
free   :               228916 KiB
buffers:                 8292 KiB
cached :               238204 KiB


--------------------------------------------------------------------------------
proj1-vm1: 680.0 99.390625
proj1-vm2: 356.0 150.7734375
proj1-vm3: 360.0 154.13671875
proj1-vm4: 357.0 151.3046875
--------------------------------------------------------------------------------
total  :              5561104 KiB
free   :               235076 KiB
buffers:                 7448 KiB
cached :               228744 KiB


--------------------------------------------------------------------------------
proj1-vm1: 731.0 144.2265625
proj1-vm2: 356.0 150.7734375
proj1-vm3: 360.0 154.13671875
proj1-vm4: 357.0 151.3046875
--------------------------------------------------------------------------------
total  :              5561104 KiB
free   :               245768 KiB
buffers:                 5784 KiB
cached :               216560 KiB


--------------------------------------------------------------------------------
proj1-vm1: 731.0 138.35546875
proj1-vm2: 356.0 150.7734375
proj1-vm3: 360.0 154.13671875
proj1-vm4: 357.0 151.3046875
--------------------------------------------------------------------------------
total  :              5561104 KiB
free   :               251556 KiB
buffers:                 5564 KiB
cached :               207628 KiB


--------------------------------------------------------------------------------
proj1-vm1: 731.0 132.6640625
proj1-vm2: 356.0 150.7734375
proj1-vm3: 360.0 154.13671875
proj1-vm4: 357.0 151.3046875
--------------------------------------------------------------------------------
total  :              5561104 KiB
free   :               258216 KiB
buffers:                 5564 KiB
cached :               200056 KiB


--------------------------------------------------------------------------------
proj1-vm1: 731.0 126.4296875
proj1-vm2: 356.0 150.7734375
proj1-vm3: 360.0 154.13671875
proj1-vm4: 357.0 151.3046875
--------------------------------------------------------------------------------
total  :              5561104 KiB
free   :               260056 KiB
buffers:                 4252 KiB
cached :               199292 KiB


--------------------------------------------------------------------------------
proj1-vm1: 731.0 120.6171875
proj1-vm2: 356.0 150.7734375
proj1-vm3: 360.0 154.13671875
proj1-vm4: 357.0 151.3046875
--------------------------------------------------------------------------------
total  :              5561104 KiB
free   :               263060 KiB
buffers:                 2792 KiB
cached :               197432 KiB


--------------------------------------------------------------------------------
proj1-vm1: 731.0 114.74609375
proj1-vm2: 356.0 150.7734375
proj1-vm3: 360.0 154.13671875
proj1-vm4: 357.0 151.3046875
--------------------------------------------------------------------------------
total  :              5561104 KiB
free   :               270204 KiB
buffers:                 1940 KiB
cached :               193408 KiB


--------------------------------------------------------------------------------
proj1-vm1: 731.0 108.8125
proj1-vm2: 356.0 150.7734375
proj1-vm3: 360.0 154.13671875
proj1-vm4: 357.0 151.3046875
--------------------------------------------------------------------------------
total  :              5561104 KiB
free   :               271592 KiB
buffers:                 1900 KiB
cached :               189384 KiB


--------------------------------------------------------------------------------
proj1-vm1: 731.0 103.18359375
proj1-vm2: 356.0 150.8046875
proj1-vm3: 360.0 154.13671875
proj1-vm4: 357.0 151.3046875
--------------------------------------------------------------------------------
total  :              5561104 KiB
free   :               277044 KiB
buffers:                 1760 KiB
cached :               185080 KiB


--------------------------------------------------------------------------------
proj1-vm1: 731.0 97.2109375
proj1-vm2: 356.0 150.8046875
proj1-vm3: 360.0 154.16796875
proj1-vm4: 357.0 151.3046875
--------------------------------------------------------------------------------
total  :              5561104 KiB
free   :               279600 KiB
buffers:                 1736 KiB
cached :               183108 KiB


--------------------------------------------------------------------------------
proj1-vm1: 784.0 144.34765625
proj1-vm2: 356.0 150.8046875
proj1-vm3: 360.0 154.16796875
proj1-vm4: 357.0 151.3359375
--------------------------------------------------------------------------------
total  :              5561104 KiB
free   :               284528 KiB
buffers:                 1728 KiB
cached :               179624 KiB


--------------------------------------------------------------------------------
proj1-vm1: 784.0 138.11328125
proj1-vm2: 356.0 150.8046875
proj1-vm3: 360.0 154.16796875
proj1-vm4: 357.0 151.3359375
--------------------------------------------------------------------------------
total  :              5561104 KiB
free   :               289604 KiB
buffers:                 1072 KiB
cached :               176840 KiB


--------------------------------------------------------------------------------
proj1-vm1: 784.0 132.1796875
proj1-vm2: 356.0 150.8046875
proj1-vm3: 360.0 154.16796875
proj1-vm4: 357.0 151.3359375
--------------------------------------------------------------------------------
total  :              5561104 KiB
free   :               309224 KiB
buffers:                  948 KiB
cached :               175096 KiB


--------------------------------------------------------------------------------
proj1-vm1: 784.0 125.734375
proj1-vm2: 356.0 150.8046875
proj1-vm3: 360.0 154.16796875
proj1-vm4: 357.0 151.3359375
--------------------------------------------------------------------------------
total  :              5561104 KiB
free   :               302700 KiB
buffers:                  948 KiB
cached :               175160 KiB


--------------------------------------------------------------------------------
proj1-vm1: 784.0 119.31640625
proj1-vm2: 356.0 150.8046875
proj1-vm3: 360.0 154.16796875
proj1-vm4: 357.0 151.3359375
--------------------------------------------------------------------------------
total  :              5561104 KiB
free   :               307756 KiB
buffers:                 1084 KiB
cached :               173080 KiB


--------------------------------------------------------------------------------
proj1-vm1: 784.0 113.6875
proj1-vm2: 356.0 150.8046875
proj1-vm3: 360.0 154.16796875
proj1-vm4: 357.0 151.3359375
--------------------------------------------------------------------------------
total  :              5561104 KiB
free   :               314208 KiB
buffers:                 1052 KiB
cached :               169868 KiB


--------------------------------------------------------------------------------
proj1-vm1: 784.0 107.875
proj1-vm2: 356.0 150.8046875
proj1-vm3: 360.0 154.16796875
proj1-vm4: 357.0 151.3359375
--------------------------------------------------------------------------------
total  :              5561104 KiB
free   :               325544 KiB
buffers:                 1040 KiB
cached :               167928 KiB


--------------------------------------------------------------------------------
proj1-vm1: 784.0 102.24609375
proj1-vm2: 356.0 150.8046875
proj1-vm3: 360.0 154.16796875
proj1-vm4: 357.0 151.3359375
--------------------------------------------------------------------------------
total  :              5561104 KiB
free   :               333100 KiB
buffers:                 1048 KiB
cached :               166944 KiB


--------------------------------------------------------------------------------
proj1-vm1: 835.0 147.99609375
proj1-vm2: 356.0 150.8046875
proj1-vm3: 360.0 154.16796875
proj1-vm4: 357.0 151.3359375
--------------------------------------------------------------------------------
total  :              5561104 KiB
free   :               336856 KiB
buffers:                 1048 KiB
cached :               162108 KiB


--------------------------------------------------------------------------------
proj1-vm1: 835.0 140.06640625
proj1-vm2: 356.0 150.8046875
proj1-vm3: 360.0 154.16796875
proj1-vm4: 357.0 151.3359375
--------------------------------------------------------------------------------
total  :              5561104 KiB
free   :               328768 KiB
buffers:                 1048 KiB
cached :               162108 KiB


--------------------------------------------------------------------------------
proj1-vm1: 835.0 131.53125
proj1-vm2: 356.0 150.8046875
proj1-vm3: 360.0 154.16796875
proj1-vm4: 357.0 151.3359375
--------------------------------------------------------------------------------
total  :              5561104 KiB
free   :               321964 KiB
buffers:                 1048 KiB
cached :               162108 KiB


--------------------------------------------------------------------------------
proj1-vm1: 835.0 122.75390625
proj1-vm2: 356.0 150.8046875
proj1-vm3: 360.0 154.16796875
proj1-vm4: 357.0 151.3359375
--------------------------------------------------------------------------------
total  :              5561104 KiB
free   :               313948 KiB
buffers:                 1056 KiB
cached :               162108 KiB


--------------------------------------------------------------------------------
proj1-vm1: 835.0 115.609375
proj1-vm2: 356.0 150.8046875
proj1-vm3: 360.0 154.16796875
proj1-vm4: 357.0 151.3359375
--------------------------------------------------------------------------------
total  :              5561104 KiB
free   :               305320 KiB
buffers:                 1056 KiB
cached :               162108 KiB


--------------------------------------------------------------------------------
proj1-vm1: 835.0 109.1328125
proj1-vm2: 356.0 150.8046875
proj1-vm3: 360.0 154.16796875
proj1-vm4: 357.0 151.3359375
--------------------------------------------------------------------------------
total  :              5561104 KiB
free   :               299680 KiB
buffers:                 1056 KiB
cached :               162108 KiB


--------------------------------------------------------------------------------
proj1-vm1: 835.0 102.69140625
proj1-vm2: 356.0 150.8046875
proj1-vm3: 360.0 154.16796875
proj1-vm4: 357.0 151.3359375
--------------------------------------------------------------------------------
total  :              5561104 KiB
free   :               291836 KiB
buffers:                 1056 KiB
cached :               162108 KiB


--------------------------------------------------------------------------------
proj1-vm1: 886.0 148.01171875
proj1-vm2: 356.0 150.8046875
proj1-vm3: 360.0 154.16796875
proj1-vm4: 357.0 151.3359375
--------------------------------------------------------------------------------
total  :              5561104 KiB
free   :               258204 KiB
buffers:                 1056 KiB
cached :               162108 KiB


--------------------------------------------------------------------------------
proj1-vm1: 886.0 138.0234375
proj1-vm2: 356.0 150.8046875
proj1-vm3: 360.0 154.16796875
proj1-vm4: 357.0 151.3359375
--------------------------------------------------------------------------------
total  :              5561104 KiB
free   :               257440 KiB
buffers:                 1056 KiB
cached :               162108 KiB


--------------------------------------------------------------------------------
proj1-vm1: 886.0 131.7890625
proj1-vm2: 356.0 150.8046875
proj1-vm3: 360.0 154.16796875
proj1-vm4: 357.0 151.3359375
--------------------------------------------------------------------------------
total  :              5561104 KiB
free   :               257136 KiB
buffers:                 1056 KiB
cached :               162108 KiB


--------------------------------------------------------------------------------
proj1-vm1: 886.0 125.37109375
proj1-vm2: 356.0 150.8359375
proj1-vm3: 360.0 154.16796875
proj1-vm4: 357.0 151.3359375
--------------------------------------------------------------------------------
total  :              5561104 KiB
free   :               257848 KiB
buffers:                 1056 KiB
cached :               162264 KiB


--------------------------------------------------------------------------------
proj1-vm1: 886.0 119.13671875
proj1-vm2: 356.0 150.8359375
proj1-vm3: 360.0 154.19921875
proj1-vm4: 357.0 151.3359375
--------------------------------------------------------------------------------
total  :              5561104 KiB
free   :               257640 KiB
buffers:                 1056 KiB
cached :               162264 KiB


--------------------------------------------------------------------------------
proj1-vm1: 886.0 112.71875
proj1-vm2: 356.0 150.8359375
proj1-vm3: 360.0 154.19921875
proj1-vm4: 357.0 151.3671875
--------------------------------------------------------------------------------
total  :              5561104 KiB
free   :               253088 KiB
buffers:                 1104 KiB
cached :               162216 KiB


--------------------------------------------------------------------------------
proj1-vm1: 886.0 105.2734375
proj1-vm2: 356.0 150.8359375
proj1-vm3: 360.0 154.19921875
proj1-vm4: 357.0 151.3671875
--------------------------------------------------------------------------------
total  :              5561104 KiB
free   :               244040 KiB
buffers:                 1104 KiB
cached :               162268 KiB


--------------------------------------------------------------------------------
proj1-vm1: 886.0 98.484375
proj1-vm2: 356.0 150.8359375
proj1-vm3: 360.0 154.19921875
proj1-vm4: 357.0 151.3671875
--------------------------------------------------------------------------------
total  :              5561104 KiB
free   :               238748 KiB
buffers:                 1108 KiB
cached :               162268 KiB


--------------------------------------------------------------------------------
proj1-vm1: 941.0 146.83203125
proj1-vm2: 356.0 150.8359375
proj1-vm3: 360.0 154.19921875
proj1-vm4: 357.0 151.3671875
--------------------------------------------------------------------------------
total  :              5561104 KiB
free   :               236692 KiB
buffers:                 1108 KiB
cached :               158832 KiB


--------------------------------------------------------------------------------
proj1-vm1: 941.0 139.62890625
proj1-vm2: 356.0 150.8359375
proj1-vm3: 360.0 154.19921875
proj1-vm4: 357.0 151.3671875
--------------------------------------------------------------------------------
total  :              5561104 KiB
free   :               229416 KiB
buffers:                 1116 KiB
cached :               158828 KiB


--------------------------------------------------------------------------------
proj1-vm1: 941.0 133.81640625
proj1-vm2: 356.0 150.8359375
proj1-vm3: 360.0 154.19921875
proj1-vm4: 357.0 151.3671875
--------------------------------------------------------------------------------
total  :              5561104 KiB
free   :               226668 KiB
buffers:                 1124 KiB
cached :               155624 KiB


--------------------------------------------------------------------------------
proj1-vm1: 941.0 127.82421875
proj1-vm2: 356.0 150.8359375
proj1-vm3: 360.0 154.19921875
proj1-vm4: 357.0 151.3671875
--------------------------------------------------------------------------------
total  :              5561104 KiB
free   :               220076 KiB
buffers:                 1124 KiB
cached :               155612 KiB


--------------------------------------------------------------------------------
proj1-vm1: 941.0 121.76953125
proj1-vm2: 356.0 150.8359375
proj1-vm3: 360.0 154.19921875
proj1-vm4: 357.0 151.3671875
--------------------------------------------------------------------------------
total  :              5561104 KiB
free   :               214748 KiB
buffers:                 1124 KiB
cached :               155364 KiB


--------------------------------------------------------------------------------
proj1-vm1: 941.0 115.8984375
proj1-vm2: 356.0 150.8359375
proj1-vm3: 360.0 154.19921875
proj1-vm4: 357.0 151.3671875
--------------------------------------------------------------------------------
total  :              5561104 KiB
free   :               211296 KiB
buffers:                 1124 KiB
cached :               152292 KiB


--------------------------------------------------------------------------------
proj1-vm1: 941.0 109.421875
proj1-vm2: 356.0 150.8359375
proj1-vm3: 360.0 154.19921875
proj1-vm4: 357.0 151.3671875
--------------------------------------------------------------------------------
total  :              5561104 KiB
free   :               204756 KiB
buffers:                 1124 KiB
cached :               152284 KiB


--------------------------------------------------------------------------------
proj1-vm1: 941.0 103.48828125
proj1-vm2: 356.0 150.8359375
proj1-vm3: 360.0 154.19921875
proj1-vm4: 357.0 151.3671875
--------------------------------------------------------------------------------
total  :              5561104 KiB
free   :               198244 KiB
buffers:                 1124 KiB
cached :               152280 KiB


--------------------------------------------------------------------------------
proj1-vm1: 994.0 97.63671875
proj1-vm2: 356.0 150.8359375
proj1-vm3: 360.0 154.19921875
proj1-vm4: 357.0 151.3671875
--------------------------------------------------------------------------------
total  :              5561104 KiB
free   :               193796 KiB
buffers:                 1124 KiB
cached :               149936 KiB


--------------------------------------------------------------------------------
proj1-vm1: 994.0 144.2890625
proj1-vm2: 356.0 150.8359375
proj1-vm3: 360.0 154.19921875
proj1-vm4: 357.0 151.3671875
--------------------------------------------------------------------------------
total  :              5561104 KiB
free   :               186488 KiB
buffers:                 1124 KiB
cached :               149824 KiB


--------------------------------------------------------------------------------
proj1-vm1: 994.0 136.96484375
proj1-vm2: 356.0 150.8359375
proj1-vm3: 360.0 154.19921875
proj1-vm4: 357.0 151.3671875
--------------------------------------------------------------------------------
total  :              5561104 KiB
free   :               179692 KiB
buffers:                 1124 KiB
cached :               149824 KiB


--------------------------------------------------------------------------------
proj1-vm1: 994.0 130.24609375
proj1-vm2: 356.0 150.8359375
proj1-vm3: 360.0 154.19921875
proj1-vm4: 357.0 151.3671875
--------------------------------------------------------------------------------
total  :              5561104 KiB
free   :               172628 KiB
buffers:                 1124 KiB
cached :               149824 KiB


--------------------------------------------------------------------------------
proj1-vm1: 994.0 124.3125
proj1-vm2: 356.0 150.8359375
proj1-vm3: 360.0 154.19921875
proj1-vm4: 357.0 151.3671875
--------------------------------------------------------------------------------
total  :              5561104 KiB
free   :               165980 KiB
buffers:                 1124 KiB
cached :               149824 KiB


--------------------------------------------------------------------------------
proj1-vm1: 994.0 117.71484375
proj1-vm2: 356.0 150.8359375
proj1-vm3: 360.0 154.19921875
proj1-vm4: 357.0 151.3671875
--------------------------------------------------------------------------------
total  :              5561104 KiB
free   :               157460 KiB
buffers:                 1128 KiB
cached :               149880 KiB


--------------------------------------------------------------------------------
proj1-vm1: 994.0 111.296875
proj1-vm2: 356.0 150.8671875
proj1-vm3: 360.0 154.23046875
proj1-vm4: 357.0 151.3671875
--------------------------------------------------------------------------------
total  :              5561104 KiB
free   :               150292 KiB
buffers:                 1260 KiB
cached :               149904 KiB


--------------------------------------------------------------------------------
proj1-vm1: 994.0 104.3359375
proj1-vm2: 356.0 150.8671875
proj1-vm3: 360.0 154.23046875
proj1-vm4: 357.0 151.3984375
--------------------------------------------------------------------------------
total  :              5561104 KiB
free   :               142536 KiB
buffers:                 1260 KiB
cached :               149916 KiB


--------------------------------------------------------------------------------
proj1-vm1: 994.0 92.09765625
proj1-vm2: 356.0 150.8671875
proj1-vm3: 360.0 154.23046875
proj1-vm4: 357.0 151.3984375
--------------------------------------------------------------------------------
total  :              5561104 KiB
free   :               128132 KiB
buffers:                 1416 KiB
cached :               155304 KiB


--------------------------------------------------------------------------------
proj1-vm1: 994.0 86.1640625
proj1-vm2: 356.0 150.8671875
proj1-vm3: 360.0 154.23046875
proj1-vm4: 357.0 151.3984375
--------------------------------------------------------------------------------
total  :              5561104 KiB
free   :               127344 KiB
buffers:                 1416 KiB
cached :               153736 KiB


--------------------------------------------------------------------------------
proj1-vm1: 994.0 79.50390625
proj1-vm2: 356.0 150.8671875
proj1-vm3: 360.0 154.23046875
proj1-vm4: 357.0 151.3984375
--------------------------------------------------------------------------------
total  :              5561104 KiB
free   :               120536 KiB
buffers:                 1424 KiB
cached :               153320 KiB


--------------------------------------------------------------------------------
proj1-vm1: 994.0 73.0859375
proj1-vm2: 356.0 150.8671875
proj1-vm3: 360.0 154.23046875
proj1-vm4: 357.0 151.3984375
--------------------------------------------------------------------------------
total  :              5561104 KiB
free   :               123772 KiB
buffers:                 1388 KiB
cached :               143448 KiB


--------------------------------------------------------------------------------
proj1-vm1: 994.0 66.18359375
proj1-vm2: 356.0 150.8671875
proj1-vm3: 360.0 154.23046875
proj1-vm4: 357.0 151.3984375
--------------------------------------------------------------------------------
total  :              5561104 KiB
free   :               117988 KiB
buffers:                 1304 KiB
cached :               142432 KiB


--------------------------------------------------------------------------------
proj1-vm1: 994.0 59.88671875
proj1-vm2: 356.0 150.8671875
proj1-vm3: 360.0 154.23046875
proj1-vm4: 357.0 151.3984375
--------------------------------------------------------------------------------
total  :              5561104 KiB
free   :               119944 KiB
buffers:                 1204 KiB
cached :               133784 KiB


--------------------------------------------------------------------------------
proj1-vm1: 994.0 65.7734375
proj1-vm2: 356.0 150.8671875
proj1-vm3: 360.0 154.23046875
proj1-vm4: 357.0 151.3984375
--------------------------------------------------------------------------------
total  :              5561104 KiB
free   :               118652 KiB
buffers:                 1204 KiB
cached :               133844 KiB


--------------------------------------------------------------------------------
proj1-vm1: 994.0 59.4765625
proj1-vm2: 356.0 150.8671875
proj1-vm3: 360.0 154.23046875
proj1-vm4: 357.0 151.3984375
--------------------------------------------------------------------------------
total  :              5561104 KiB
free   :               117620 KiB
buffers:                 1204 KiB
cached :               133820 KiB


--------------------------------------------------------------------------------
proj1-vm1: 994.0 64.921875
proj1-vm2: 356.0 150.8671875
proj1-vm3: 360.0 154.23046875
proj1-vm4: 357.0 151.3984375
--------------------------------------------------------------------------------
total  :              5561104 KiB
free   :               116604 KiB
buffers:                 1212 KiB
cached :               133928 KiB


--------------------------------------------------------------------------------
proj1-vm1: 994.0 58.71484375
proj1-vm2: 356.0 150.8671875
proj1-vm3: 360.0 154.23046875
proj1-vm4: 357.0 151.3984375
--------------------------------------------------------------------------------
total  :              5561104 KiB
free   :               116544 KiB
buffers:                 1228 KiB
cached :               134048 KiB


--------------------------------------------------------------------------------
proj1-vm1: 994.0 72.0
proj1-vm2: 356.0 150.8671875
proj1-vm3: 360.0 154.23046875
proj1-vm4: 357.0 151.3984375
--------------------------------------------------------------------------------
total  :              5561104 KiB
free   :               116100 KiB
buffers:                 1236 KiB
cached :               134204 KiB


--------------------------------------------------------------------------------
proj1-vm1: 994.0 65.55078125
proj1-vm2: 356.0 150.8671875
proj1-vm3: 360.0 154.23046875
proj1-vm4: 357.0 151.3984375
--------------------------------------------------------------------------------
total  :              5561104 KiB
free   :               115596 KiB
buffers:                 1236 KiB
cached :               134264 KiB


--------------------------------------------------------------------------------
proj1-vm1: 994.0 59.02734375
proj1-vm2: 356.0 150.8828125
proj1-vm3: 360.0 154.23046875
proj1-vm4: 357.0 151.3984375
--------------------------------------------------------------------------------
total  :              5561104 KiB
free   :               115788 KiB
buffers:                 1236 KiB
cached :               134264 KiB


--------------------------------------------------------------------------------
proj1-vm1: 994.0 67.66796875
proj1-vm2: 356.0 150.8828125
proj1-vm3: 360.0 154.24609375
proj1-vm4: 357.0 151.4140625
--------------------------------------------------------------------------------
total  :              5561104 KiB
free   :               115544 KiB
buffers:                 1244 KiB
cached :               134256 KiB


--------------------------------------------------------------------------------
proj1-vm1: 994.0 61.0
proj1-vm2: 356.0 150.8828125
proj1-vm3: 360.0 154.24609375
proj1-vm4: 357.0 151.4140625
--------------------------------------------------------------------------------
total  :              5561104 KiB
free   :               115292 KiB
buffers:                 1244 KiB
cached :               134516 KiB


--------------------------------------------------------------------------------
proj1-vm1: 994.0 78.01953125
proj1-vm2: 356.0 150.8828125
proj1-vm3: 360.0 154.24609375
proj1-vm4: 357.0 151.4140625
--------------------------------------------------------------------------------
total  :              5561104 KiB
free   :               114788 KiB
buffers:                 1252 KiB
cached :               134528 KiB


--------------------------------------------------------------------------------
proj1-vm1: 994.0 71.6640625
proj1-vm2: 356.0 150.9140625
proj1-vm3: 360.0 154.24609375
proj1-vm4: 357.0 151.4140625
--------------------------------------------------------------------------------
total  :              5561104 KiB
free   :               112832 KiB
buffers:                 1252 KiB
cached :               134724 KiB


--------------------------------------------------------------------------------
proj1-vm1: 994.0 64.51953125
proj1-vm2: 356.0 150.953125
proj1-vm3: 360.0 154.27734375
proj1-vm4: 357.0 151.4453125
--------------------------------------------------------------------------------
total  :              5561104 KiB
free   :               120216 KiB
buffers:                 1228 KiB
cached :               130524 KiB


--------------------------------------------------------------------------------
proj1-vm1: 994.0 70.375
proj1-vm2: 356.0 150.953125
proj1-vm3: 360.0 154.27734375
proj1-vm4: 357.0 151.4453125
--------------------------------------------------------------------------------
total  :              5561104 KiB
free   :               121612 KiB
buffers:                 1212 KiB
cached :               126804 KiB


--------------------------------------------------------------------------------
proj1-vm1: 994.0 64.01953125
proj1-vm2: 356.0 150.953125
proj1-vm3: 360.0 154.27734375
proj1-vm4: 357.0 151.484375
--------------------------------------------------------------------------------
total  :              5561104 KiB
free   :               119848 KiB
buffers:                 1212 KiB
cached :               126988 KiB


--------------------------------------------------------------------------------
proj1-vm1: 994.0 70.2890625
proj1-vm2: 356.0 150.953125
proj1-vm3: 360.0 154.27734375
proj1-vm4: 357.0 151.484375
--------------------------------------------------------------------------------
total  :              5561104 KiB
free   :               123788 KiB
buffers:                 1216 KiB
cached :               122828 KiB


--------------------------------------------------------------------------------
proj1-vm1: 994.0 63.75
proj1-vm2: 356.0 150.953125
proj1-vm3: 360.0 154.27734375
proj1-vm4: 357.0 151.484375
--------------------------------------------------------------------------------
total  :              5561104 KiB
free   :               123032 KiB
buffers:                 1216 KiB
cached :               123144 KiB


--------------------------------------------------------------------------------
proj1-vm1: 994.0 65.98046875
proj1-vm2: 356.0 150.953125
proj1-vm3: 360.0 154.27734375
proj1-vm4: 357.0 151.484375
--------------------------------------------------------------------------------
total  :              5561104 KiB
free   :               113864 KiB
buffers:                  808 KiB
cached :               128636 KiB


--------------------------------------------------------------------------------
proj1-vm1: 254.0 151.09765625
proj1-vm2: 356.0 150.953125
proj1-vm3: 360.0 154.27734375
proj1-vm4: 357.0 151.484375
--------------------------------------------------------------------------------
total  :              5561104 KiB
free   :               894260 KiB
buffers:                  828 KiB
cached :               122936 KiB


--------------------------------------------------------------------------------
proj1-vm1: 254.0 151.09765625
proj1-vm2: 356.0 150.953125
proj1-vm3: 360.0 154.27734375
proj1-vm4: 357.0 151.484375
--------------------------------------------------------------------------------
total  :              5561104 KiB
free   :               894192 KiB
buffers:                  828 KiB
cached :               123000 KiB


--------------------------------------------------------------------------------
proj1-vm1: 254.0 151.09765625
proj1-vm2: 356.0 150.953125
proj1-vm3: 360.0 154.27734375
proj1-vm4: 357.0 151.484375
--------------------------------------------------------------------------------
total  :              5561104 KiB
free   :               871312 KiB
buffers:                 1128 KiB
cached :               145480 KiB


--------------------------------------------------------------------------------
